Analysis & Synthesis report for DEO-CV
Mon Jan 29 15:56:36 2018
Quartus Prime Version 17.0.0 Build 595 04/25/2017 SJ Lite Edition


---------------------
; Table of Contents ;
---------------------
  1. Legal Notice
  2. Analysis & Synthesis Summary
  3. Analysis & Synthesis Settings
  4. Parallel Compilation
  5. Analysis & Synthesis IP Cores Summary
  6. Analysis & Synthesis Messages



----------------
; Legal Notice ;
----------------
Copyright (C) 2017  Intel Corporation. All rights reserved.
Your use of Intel Corporation's design tools, logic functions 
and other software and tools, and its AMPP partner logic 
functions, and any output files from any of the foregoing 
(including device programming or simulation files), and any 
associated documentation or information are expressly subject 
to the terms and conditions of the Intel Program License 
Subscription Agreement, the Intel Quartus Prime License Agreement,
the Intel MegaCore Function License Agreement, or other 
applicable license agreement, including, without limitation, 
that your use is for the sole purpose of programming logic 
devices manufactured by Intel and sold by Intel or its 
authorized distributors.  Please refer to the applicable 
agreement for further details.



+----------------------------------------------------------------------------------+
; Analysis & Synthesis Summary                                                     ;
+------------------------------------+---------------------------------------------+
; Analysis & Synthesis Status        ; Failed - Mon Jan 29 15:56:36 2018           ;
; Quartus Prime Version              ; 17.0.0 Build 595 04/25/2017 SJ Lite Edition ;
; Revision Name                      ; DEO-CV                                      ;
; Top-level Entity Name              ; SANDBOX                                     ;
; Family                             ; Cyclone IV E                                ;
; Total logic elements               ; N/A until Partition Merge                   ;
;     Total combinational functions  ; N/A until Partition Merge                   ;
;     Dedicated logic registers      ; N/A until Partition Merge                   ;
; Total registers                    ; N/A until Partition Merge                   ;
; Total pins                         ; N/A until Partition Merge                   ;
; Total virtual pins                 ; N/A until Partition Merge                   ;
; Total memory bits                  ; N/A until Partition Merge                   ;
; Embedded Multiplier 9-bit elements ; N/A until Partition Merge                   ;
; Total PLLs                         ; N/A until Partition Merge                   ;
+------------------------------------+---------------------------------------------+


+----------------------------------------------------------------------------------------------------------------------+
; Analysis & Synthesis Settings                                                                                        ;
+----------------------------------------------------------------------------+--------------------+--------------------+
; Option                                                                     ; Setting            ; Default Value      ;
+----------------------------------------------------------------------------+--------------------+--------------------+
; Device                                                                     ; EP4CE22F17C6       ;                    ;
; Top-level entity name                                                      ; SANDBOX            ; DEO-CV             ;
; Family name                                                                ; Cyclone IV E       ; Cyclone V          ;
; VHDL Show LMF Mapping Messages                                             ; Off                ;                    ;
; VHDL Version                                                               ; VHDL_2008          ; VHDL_1993          ;
; Use smart compilation                                                      ; Off                ; Off                ;
; Enable parallel Assembler and TimeQuest Timing Analyzer during compilation ; On                 ; On                 ;
; Enable compact report table                                                ; Off                ; Off                ;
; Restructure Multiplexers                                                   ; Auto               ; Auto               ;
; Create Debugging Nodes for IP Cores                                        ; Off                ; Off                ;
; Preserve fewer node names                                                  ; On                 ; On                 ;
; OpenCore Plus hardware evaluation                                          ; Enable             ; Enable             ;
; Verilog Version                                                            ; Verilog_2001       ; Verilog_2001       ;
; State Machine Processing                                                   ; Auto               ; Auto               ;
; Safe State Machine                                                         ; Off                ; Off                ;
; Extract Verilog State Machines                                             ; On                 ; On                 ;
; Extract VHDL State Machines                                                ; On                 ; On                 ;
; Ignore Verilog initial constructs                                          ; Off                ; Off                ;
; Iteration limit for constant Verilog loops                                 ; 5000               ; 5000               ;
; Iteration limit for non-constant Verilog loops                             ; 250                ; 250                ;
; Add Pass-Through Logic to Inferred RAMs                                    ; On                 ; On                 ;
; Infer RAMs from Raw Logic                                                  ; On                 ; On                 ;
; Parallel Synthesis                                                         ; On                 ; On                 ;
; DSP Block Balancing                                                        ; Auto               ; Auto               ;
; NOT Gate Push-Back                                                         ; On                 ; On                 ;
; Power-Up Don't Care                                                        ; On                 ; On                 ;
; Remove Redundant Logic Cells                                               ; Off                ; Off                ;
; Remove Duplicate Registers                                                 ; On                 ; On                 ;
; Ignore CARRY Buffers                                                       ; Off                ; Off                ;
; Ignore CASCADE Buffers                                                     ; Off                ; Off                ;
; Ignore GLOBAL Buffers                                                      ; Off                ; Off                ;
; Ignore ROW GLOBAL Buffers                                                  ; Off                ; Off                ;
; Ignore LCELL Buffers                                                       ; Off                ; Off                ;
; Ignore SOFT Buffers                                                        ; On                 ; On                 ;
; Limit AHDL Integers to 32 Bits                                             ; Off                ; Off                ;
; Optimization Technique                                                     ; Balanced           ; Balanced           ;
; Carry Chain Length                                                         ; 70                 ; 70                 ;
; Auto Carry Chains                                                          ; On                 ; On                 ;
; Auto Open-Drain Pins                                                       ; On                 ; On                 ;
; Perform WYSIWYG Primitive Resynthesis                                      ; Off                ; Off                ;
; Auto ROM Replacement                                                       ; On                 ; On                 ;
; Auto RAM Replacement                                                       ; On                 ; On                 ;
; Auto DSP Block Replacement                                                 ; On                 ; On                 ;
; Auto Shift Register Replacement                                            ; Auto               ; Auto               ;
; Allow Shift Register Merging across Hierarchies                            ; Auto               ; Auto               ;
; Auto Clock Enable Replacement                                              ; On                 ; On                 ;
; Strict RAM Replacement                                                     ; Off                ; Off                ;
; Allow Synchronous Control Signals                                          ; On                 ; On                 ;
; Force Use of Synchronous Clear Signals                                     ; Off                ; Off                ;
; Auto RAM Block Balancing                                                   ; On                 ; On                 ;
; Auto RAM to Logic Cell Conversion                                          ; Off                ; Off                ;
; Auto Resource Sharing                                                      ; Off                ; Off                ;
; Allow Any RAM Size For Recognition                                         ; Off                ; Off                ;
; Allow Any ROM Size For Recognition                                         ; Off                ; Off                ;
; Allow Any Shift Register Size For Recognition                              ; Off                ; Off                ;
; Use LogicLock Constraints during Resource Balancing                        ; On                 ; On                 ;
; Ignore translate_off and synthesis_off directives                          ; Off                ; Off                ;
; Timing-Driven Synthesis                                                    ; On                 ; On                 ;
; Report Parameter Settings                                                  ; On                 ; On                 ;
; Report Source Assignments                                                  ; On                 ; On                 ;
; Report Connectivity Checks                                                 ; On                 ; On                 ;
; Ignore Maximum Fan-Out Assignments                                         ; Off                ; Off                ;
; Synchronization Register Chain Length                                      ; 2                  ; 2                  ;
; PowerPlay Power Optimization During Synthesis                              ; Normal compilation ; Normal compilation ;
; HDL message level                                                          ; Level2             ; Level2             ;
; Suppress Register Optimization Related Messages                            ; Off                ; Off                ;
; Number of Removed Registers Reported in Synthesis Report                   ; 5000               ; 5000               ;
; Number of Swept Nodes Reported in Synthesis Report                         ; 5000               ; 5000               ;
; Number of Inverted Registers Reported in Synthesis Report                  ; 100                ; 100                ;
; Clock MUX Protection                                                       ; On                 ; On                 ;
; Auto Gated Clock Conversion                                                ; Off                ; Off                ;
; Block Design Naming                                                        ; Auto               ; Auto               ;
; SDC constraint protection                                                  ; Off                ; Off                ;
; Synthesis Effort                                                           ; Auto               ; Auto               ;
; Shift Register Replacement - Allow Asynchronous Clear Signal               ; On                 ; On                 ;
; Pre-Mapping Resynthesis Optimization                                       ; Off                ; Off                ;
; Analysis & Synthesis Message Level                                         ; Medium             ; Medium             ;
; Disable Register Merging Across Hierarchies                                ; Auto               ; Auto               ;
; Resource Aware Inference For Block RAM                                     ; On                 ; On                 ;
+----------------------------------------------------------------------------+--------------------+--------------------+


+------------------------------------------+
; Parallel Compilation                     ;
+----------------------------+-------------+
; Processors                 ; Number      ;
+----------------------------+-------------+
; Number detected on machine ; 8           ;
; Maximum allowed            ; 4           ;
;                            ;             ;
; Average used               ; 1.00        ;
; Maximum used               ; 1           ;
;                            ;             ;
; Usage by Processor         ; % Time Used ;
;     Processor 1            ; 100.0%      ;
+----------------------------+-------------+


+----------------------------------------------------------------------------------------------------------+
; Analysis & Synthesis IP Cores Summary                                                                    ;
+--------+--------------+---------+--------------+--------------+------------------------+-----------------+
; Vendor ; IP Core Name ; Version ; Release Date ; License Type ; Entity Instance        ; IP Include File ;
+--------+--------------+---------+--------------+--------------+------------------------+-----------------+
; Altera ; ROM: 1-PORT  ; 17.0    ; N/A          ; N/A          ; |SANDBOX|PMemory:inst2 ; PMemory.vhd     ;
+--------+--------------+---------+--------------+--------------+------------------------+-----------------+


+-------------------------------+
; Analysis & Synthesis Messages ;
+-------------------------------+
Info: *******************************************************************
Info: Running Quartus Prime Analysis & Synthesis
    Info: Version 17.0.0 Build 595 04/25/2017 SJ Lite Edition
    Info: Processing started: Mon Jan 29 15:56:24 2018
Info: Command: quartus_map --read_settings_files=on --write_settings_files=off SANDBOX -c DEO-CV
Warning (125092): Tcl Script File PLL.qip not found
    Info (125063): set_global_assignment -name QIP_FILE PLL.qip
Warning (18236): Number of processors has not been specified which may cause overloading on shared machines.  Set the global assignment NUM_PARALLEL_PROCESSORS in your QSF to an appropriate value for best performance.
Info (20030): Parallel compilation is enabled and will use 4 of the 4 processors detected
Warning (12019): Can't analyze file -- file PLL_syn.v is missing
Info (12021): Found 1 design units, including 1 entities, in source file conceptp.bdf
    Info (12023): Found entity 1: conceptP
Info (12021): Found 2 design units, including 1 entities, in source file vector_concats.vhd
    Info (12022): Found design unit 1: vec_concat-impl File: C:/Users/lukej/Desktop/EPQ2017tests/EPQ2017SAND/vector_concats.vhd Line: 24
    Info (12023): Found entity 1: vec_concat File: C:/Users/lukej/Desktop/EPQ2017tests/EPQ2017SAND/vector_concats.vhd Line: 9
Info (12021): Found 2 design units, including 1 entities, in source file pal.vhd
    Info (12022): Found design unit 1: PAL-versionone File: C:/Users/lukej/Desktop/EPQ2017tests/EPQ2017SAND/PAL.vhd Line: 22
    Info (12023): Found entity 1: PAL File: C:/Users/lukej/Desktop/EPQ2017tests/EPQ2017SAND/PAL.vhd Line: 10
Info (12021): Found 2 design units, including 1 entities, in source file expansionif.vhd
    Info (12022): Found design unit 1: expansionIF-func File: C:/Users/lukej/Desktop/EPQ2017tests/EPQ2017SAND/expansionIF.vhd Line: 32
    Info (12023): Found entity 1: expansionIF File: C:/Users/lukej/Desktop/EPQ2017tests/EPQ2017SAND/expansionIF.vhd Line: 12
Info (12021): Found 1 design units, including 1 entities, in source file sandbox.bdf
    Info (12023): Found entity 1: SANDBOX
Info (12021): Found 6 design units, including 3 entities, in source file reg.vhd
    Info (12022): Found design unit 1: DFF_Rising-behavioral File: C:/Users/lukej/Desktop/EPQ2017tests/EPQ2017SAND/REG.vhd Line: 14
    Info (12022): Found design unit 2: DFF_Falling-behavioral File: C:/Users/lukej/Desktop/EPQ2017tests/EPQ2017SAND/REG.vhd Line: 37
    Info (12022): Found design unit 3: DFFQ-behavioral File: C:/Users/lukej/Desktop/EPQ2017tests/EPQ2017SAND/REG.vhd Line: 64
    Info (12023): Found entity 1: DFF_Rising File: C:/Users/lukej/Desktop/EPQ2017tests/EPQ2017SAND/REG.vhd Line: 6
    Info (12023): Found entity 2: DFF_Falling File: C:/Users/lukej/Desktop/EPQ2017tests/EPQ2017SAND/REG.vhd Line: 29
    Info (12023): Found entity 3: DFFQ File: C:/Users/lukej/Desktop/EPQ2017tests/EPQ2017SAND/REG.vhd Line: 53
Info (12021): Found 2 design units, including 1 entities, in source file pcv1s1.vhd
    Info (12022): Found design unit 1: PCV1S1-impl File: C:/Users/lukej/Desktop/EPQ2017tests/EPQ2017SAND/PCV1S1.vhd Line: 26
    Info (12023): Found entity 1: PCV1S1 File: C:/Users/lukej/Desktop/EPQ2017tests/EPQ2017SAND/PCV1S1.vhd Line: 12
Info (12021): Found 2 design units, including 1 entities, in source file aluv1s1_unsigned.vhd
    Info (12022): Found design unit 1: ALUV1S1_unsigned-behavioral File: C:/Users/lukej/Desktop/EPQ2017tests/EPQ2017SAND/ALUV1S1_unsigned.vhd Line: 33
    Info (12023): Found entity 1: ALUV1S1_unsigned File: C:/Users/lukej/Desktop/EPQ2017tests/EPQ2017SAND/ALUV1S1_unsigned.vhd Line: 13
Info (12021): Found 2 design units, including 1 entities, in source file pmemory.vhd
    Info (12022): Found design unit 1: pmemory-SYN File: C:/Users/lukej/Desktop/EPQ2017tests/EPQ2017SAND/PMemory.vhd Line: 53
    Info (12023): Found entity 1: PMemory File: C:/Users/lukej/Desktop/EPQ2017tests/EPQ2017SAND/PMemory.vhd Line: 43
Info (12021): Found 8 design units, including 4 entities, in source file vector_primitives.vhd
    Info (12022): Found design unit 1: array_or-behavioral File: C:/Users/lukej/Desktop/EPQ2017tests/EPQ2017SAND/vector_primitives.vhd Line: 25
    Info (12022): Found design unit 2: vector_or-behavioral File: C:/Users/lukej/Desktop/EPQ2017tests/EPQ2017SAND/vector_primitives.vhd Line: 58
    Info (12022): Found design unit 3: array_and-behavioral File: C:/Users/lukej/Desktop/EPQ2017tests/EPQ2017SAND/vector_primitives.vhd Line: 92
    Info (12022): Found design unit 4: vector_and-behavioral File: C:/Users/lukej/Desktop/EPQ2017tests/EPQ2017SAND/vector_primitives.vhd Line: 125
    Info (12023): Found entity 1: array_or File: C:/Users/lukej/Desktop/EPQ2017tests/EPQ2017SAND/vector_primitives.vhd Line: 10
    Info (12023): Found entity 2: vector_or File: C:/Users/lukej/Desktop/EPQ2017tests/EPQ2017SAND/vector_primitives.vhd Line: 45
    Info (12023): Found entity 3: array_and File: C:/Users/lukej/Desktop/EPQ2017tests/EPQ2017SAND/vector_primitives.vhd Line: 77
    Info (12023): Found entity 4: vector_and File: C:/Users/lukej/Desktop/EPQ2017tests/EPQ2017SAND/vector_primitives.vhd Line: 112
Info (12021): Found 2 design units, including 1 entities, in source file register_array.vhd
    Info (12022): Found design unit 1: register_file-impl File: C:/Users/lukej/Desktop/EPQ2017tests/EPQ2017SAND/register_array.vhd Line: 26
    Info (12023): Found entity 1: register_file File: C:/Users/lukej/Desktop/EPQ2017tests/EPQ2017SAND/register_array.vhd Line: 9
Warning (12090): Entity "mux" obtained from "vector_muxes.vhd" instead of from Quartus Prime megafunction library File: C:/Users/lukej/Desktop/EPQ2017tests/EPQ2017SAND/vector_muxes.vhd Line: 45
Info (12021): Found 4 design units, including 2 entities, in source file vector_muxes.vhd
    Info (12022): Found design unit 1: demux-rtl File: C:/Users/lukej/Desktop/EPQ2017tests/EPQ2017SAND/vector_muxes.vhd Line: 22
    Info (12022): Found design unit 2: mux-rtl File: C:/Users/lukej/Desktop/EPQ2017tests/EPQ2017SAND/vector_muxes.vhd Line: 58
    Info (12023): Found entity 1: demux File: C:/Users/lukej/Desktop/EPQ2017tests/EPQ2017SAND/vector_muxes.vhd Line: 9
    Info (12023): Found entity 2: mux File: C:/Users/lukej/Desktop/EPQ2017tests/EPQ2017SAND/vector_muxes.vhd Line: 45
Info (12021): Found 1 design units, including 1 entities, in source file r_block.bdf
    Info (12023): Found entity 1: r_block
Info (12021): Found 2 design units, including 1 entities, in source file reg_port_control.vhd
    Info (12022): Found design unit 1: R_P_control-behavioral File: C:/Users/lukej/Desktop/EPQ2017tests/EPQ2017SAND/reg_port_control.vhd Line: 25
    Info (12023): Found entity 1: R_P_control File: C:/Users/lukej/Desktop/EPQ2017tests/EPQ2017SAND/reg_port_control.vhd Line: 12
Info (12021): Found 2 design units, including 0 entities, in source file global.vhd
    Info (12022): Found design unit 1: global File: C:/Users/lukej/Desktop/EPQ2017tests/EPQ2017SAND/global.vhd Line: 11
    Info (12022): Found design unit 2: global-body File: C:/Users/lukej/Desktop/EPQ2017tests/EPQ2017SAND/global.vhd Line: 24
Info (12021): Found 2 design units, including 1 entities, in source file instructiondecoder.vhd
    Info (12022): Found design unit 1: ID-behavioral File: C:/Users/lukej/Desktop/EPQ2017tests/EPQ2017SAND/InstructionDecoder.vhd Line: 28
    Info (12023): Found entity 1: ID File: C:/Users/lukej/Desktop/EPQ2017tests/EPQ2017SAND/InstructionDecoder.vhd Line: 7
Info (12127): Elaborating entity "SANDBOX" for the top level hierarchy
Warning (275083): Bus "OUT2[7..0]" found using same base name as "OUT", which might lead to a name conflict.
Warning (275080): Converted elements in bus name "OUT" using legacy naming rules. Make any assignments on the new names, not on the original names.
    Warning (275081): Converted element name(s) from "OUT[7..0]" to "OUT7..0"
Warning (275080): Converted elements in bus name "OUT2" using legacy naming rules. Make any assignments on the new names, not on the original names.
    Warning (275081): Converted element name(s) from "OUT2[7..0]" to "OUT27..0"
Warning (275011): Block or symbol "expansionIF" of instance "inst8" overlaps another block or symbol
Warning (275002): No superset bus at connection
Warning (275002): No superset bus at connection
Info (12128): Elaborating entity "expansionIF" for hierarchy "expansionIF:inst8"
Warning (10492): VHDL Process Statement warning at expansionif.vhd(55): signal "dataIn" is read inside the Process Statement but isn't in the Process Statement's sensitivity list File: C:/Users/lukej/Desktop/EPQ2017tests/EPQ2017SAND/expansionif.vhd Line: 55
Warning (10492): VHDL Process Statement warning at expansionif.vhd(57): signal "dataIn" is read inside the Process Statement but isn't in the Process Statement's sensitivity list File: C:/Users/lukej/Desktop/EPQ2017tests/EPQ2017SAND/expansionif.vhd Line: 57
Warning (10492): VHDL Process Statement warning at expansionif.vhd(58): signal "bufferOut" is read inside the Process Statement but isn't in the Process Statement's sensitivity list File: C:/Users/lukej/Desktop/EPQ2017tests/EPQ2017SAND/expansionif.vhd Line: 58
Warning (10631): VHDL Process Statement warning at expansionif.vhd(52): inferring latch(es) for signal or variable "bufferIn", which holds its previous value in one or more paths through the process File: C:/Users/lukej/Desktop/EPQ2017tests/EPQ2017SAND/expansionif.vhd Line: 52
Info (10041): Inferred latch for "bufferIn[0]" at expansionif.vhd(52) File: C:/Users/lukej/Desktop/EPQ2017tests/EPQ2017SAND/expansionif.vhd Line: 52
Info (10041): Inferred latch for "bufferIn[1]" at expansionif.vhd(52) File: C:/Users/lukej/Desktop/EPQ2017tests/EPQ2017SAND/expansionif.vhd Line: 52
Info (10041): Inferred latch for "bufferIn[2]" at expansionif.vhd(52) File: C:/Users/lukej/Desktop/EPQ2017tests/EPQ2017SAND/expansionif.vhd Line: 52
Info (10041): Inferred latch for "bufferIn[3]" at expansionif.vhd(52) File: C:/Users/lukej/Desktop/EPQ2017tests/EPQ2017SAND/expansionif.vhd Line: 52
Info (10041): Inferred latch for "bufferIn[4]" at expansionif.vhd(52) File: C:/Users/lukej/Desktop/EPQ2017tests/EPQ2017SAND/expansionif.vhd Line: 52
Info (10041): Inferred latch for "bufferIn[5]" at expansionif.vhd(52) File: C:/Users/lukej/Desktop/EPQ2017tests/EPQ2017SAND/expansionif.vhd Line: 52
Info (10041): Inferred latch for "bufferIn[6]" at expansionif.vhd(52) File: C:/Users/lukej/Desktop/EPQ2017tests/EPQ2017SAND/expansionif.vhd Line: 52
Info (10041): Inferred latch for "bufferIn[7]" at expansionif.vhd(52) File: C:/Users/lukej/Desktop/EPQ2017tests/EPQ2017SAND/expansionif.vhd Line: 52
Info (12128): Elaborating entity "DFF_Rising" for hierarchy "expansionIF:inst8|DFF_Rising:addressStorage" File: C:/Users/lukej/Desktop/EPQ2017tests/EPQ2017SAND/expansionif.vhd Line: 44
Info (12128): Elaborating entity "ID" for hierarchy "ID:inst5"
Warning (10036): Verilog HDL or VHDL warning at InstructionDecoder.vhd(30): object "Z_LAT" assigned a value but never read File: C:/Users/lukej/Desktop/EPQ2017tests/EPQ2017SAND/InstructionDecoder.vhd Line: 30
Warning (10631): VHDL Process Statement warning at InstructionDecoder.vhd(302): inferring latch(es) for signal or variable "PCOut", which holds its previous value in one or more paths through the process File: C:/Users/lukej/Desktop/EPQ2017tests/EPQ2017SAND/InstructionDecoder.vhd Line: 302
Warning (10631): VHDL Process Statement warning at InstructionDecoder.vhd(302): inferring latch(es) for signal or variable "EQ_LAT", which holds its previous value in one or more paths through the process File: C:/Users/lukej/Desktop/EPQ2017tests/EPQ2017SAND/InstructionDecoder.vhd Line: 302
Info (10041): Inferred latch for "EQ_LAT" at InstructionDecoder.vhd(302) File: C:/Users/lukej/Desktop/EPQ2017tests/EPQ2017SAND/InstructionDecoder.vhd Line: 302
Info (10041): Inferred latch for "PCOut[0]" at InstructionDecoder.vhd(302) File: C:/Users/lukej/Desktop/EPQ2017tests/EPQ2017SAND/InstructionDecoder.vhd Line: 302
Info (10041): Inferred latch for "PCOut[1]" at InstructionDecoder.vhd(302) File: C:/Users/lukej/Desktop/EPQ2017tests/EPQ2017SAND/InstructionDecoder.vhd Line: 302
Info (10041): Inferred latch for "PCOut[2]" at InstructionDecoder.vhd(302) File: C:/Users/lukej/Desktop/EPQ2017tests/EPQ2017SAND/InstructionDecoder.vhd Line: 302
Info (10041): Inferred latch for "PCOut[3]" at InstructionDecoder.vhd(302) File: C:/Users/lukej/Desktop/EPQ2017tests/EPQ2017SAND/InstructionDecoder.vhd Line: 302
Info (10041): Inferred latch for "PCOut[4]" at InstructionDecoder.vhd(302) File: C:/Users/lukej/Desktop/EPQ2017tests/EPQ2017SAND/InstructionDecoder.vhd Line: 302
Info (10041): Inferred latch for "PCOut[5]" at InstructionDecoder.vhd(302) File: C:/Users/lukej/Desktop/EPQ2017tests/EPQ2017SAND/InstructionDecoder.vhd Line: 302
Info (10041): Inferred latch for "PCOut[6]" at InstructionDecoder.vhd(302) File: C:/Users/lukej/Desktop/EPQ2017tests/EPQ2017SAND/InstructionDecoder.vhd Line: 302
Info (10041): Inferred latch for "PCOut[7]" at InstructionDecoder.vhd(302) File: C:/Users/lukej/Desktop/EPQ2017tests/EPQ2017SAND/InstructionDecoder.vhd Line: 302
Info (10041): Inferred latch for "PCOut[8]" at InstructionDecoder.vhd(302) File: C:/Users/lukej/Desktop/EPQ2017tests/EPQ2017SAND/InstructionDecoder.vhd Line: 302
Info (10041): Inferred latch for "PCOut[9]" at InstructionDecoder.vhd(302) File: C:/Users/lukej/Desktop/EPQ2017tests/EPQ2017SAND/InstructionDecoder.vhd Line: 302
Info (10041): Inferred latch for "PCOut[10]" at InstructionDecoder.vhd(302) File: C:/Users/lukej/Desktop/EPQ2017tests/EPQ2017SAND/InstructionDecoder.vhd Line: 302
Info (10041): Inferred latch for "PCOut[11]" at InstructionDecoder.vhd(302) File: C:/Users/lukej/Desktop/EPQ2017tests/EPQ2017SAND/InstructionDecoder.vhd Line: 302
Info (12128): Elaborating entity "ALUV1S1_unsigned" for hierarchy "ALUV1S1_unsigned:inst1"
Warning (10541): VHDL Signal Declaration warning at ALUV1S1_unsigned.vhd(28): used implicit default value for signal "Greater" because signal was never assigned a value or an explicit default value. Use of implicit default value may introduce unintended design optimizations. File: C:/Users/lukej/Desktop/EPQ2017tests/EPQ2017SAND/ALUV1S1_unsigned.vhd Line: 28
Warning (10631): VHDL Process Statement warning at ALUV1S1_unsigned.vhd(109): inferring latch(es) for signal or variable "overflow", which holds its previous value in one or more paths through the process File: C:/Users/lukej/Desktop/EPQ2017tests/EPQ2017SAND/ALUV1S1_unsigned.vhd Line: 109
Info (10041): Inferred latch for "overflow" at ALUV1S1_unsigned.vhd(109) File: C:/Users/lukej/Desktop/EPQ2017tests/EPQ2017SAND/ALUV1S1_unsigned.vhd Line: 109
Info (12128): Elaborating entity "r_block" for hierarchy "r_block:inst4"
Warning (275083): Bus "OUT2[7..0]" found using same base name as "OUT", which might lead to a name conflict.
Warning (275080): Converted elements in bus name "OUT" using legacy naming rules. Make any assignments on the new names, not on the original names.
    Warning (275081): Converted element name(s) from "OUT[7..0]" to "OUT7..0"
Warning (275080): Converted elements in bus name "OUT2" using legacy naming rules. Make any assignments on the new names, not on the original names.
    Warning (275081): Converted element name(s) from "OUT2[7..0]" to "OUT27..0"
Info (12128): Elaborating entity "mux" for hierarchy "r_block:inst4|mux:inst4"
Info (12128): Elaborating entity "register_file" for hierarchy "r_block:inst4|register_file:inst7"
Info (12128): Elaborating entity "DFF_Rising" for hierarchy "r_block:inst4|register_file:inst7|DFF_Rising:\GEN_REG:0:REGX" File: C:/Users/lukej/Desktop/EPQ2017tests/EPQ2017SAND/register_array.vhd Line: 33
Info (12128): Elaborating entity "R_P_control" for hierarchy "r_block:inst4|R_P_control:inst1"
Info (12128): Elaborating entity "array_or" for hierarchy "r_block:inst4|array_or:inst6"
Info (12128): Elaborating entity "demux" for hierarchy "r_block:inst4|demux:inst2"
Warning (12125): Using design file plltoto.vhd, which is not specified as a design file for the current project, but contains definitions for 2 design units and 1 entities in project
    Info (12022): Found design unit 1: plltoto-rtl File: C:/Users/lukej/Desktop/EPQ2017tests/EPQ2017SAND/plltoto.vhd Line: 20
    Info (12023): Found entity 1: plltoto File: C:/Users/lukej/Desktop/EPQ2017tests/EPQ2017SAND/plltoto.vhd Line: 11
Info (12128): Elaborating entity "plltoto" for hierarchy "plltoto:inst11"
Info (12128): Elaborating entity "PMemory" for hierarchy "PMemory:inst2"
Info (12128): Elaborating entity "altsyncram" for hierarchy "PMemory:inst2|altsyncram:altsyncram_component" File: C:/Users/lukej/Desktop/EPQ2017tests/EPQ2017SAND/PMemory.vhd Line: 60
Info (12130): Elaborated megafunction instantiation "PMemory:inst2|altsyncram:altsyncram_component" File: C:/Users/lukej/Desktop/EPQ2017tests/EPQ2017SAND/PMemory.vhd Line: 60
Info (12133): Instantiated megafunction "PMemory:inst2|altsyncram:altsyncram_component" with the following parameter: File: C:/Users/lukej/Desktop/EPQ2017tests/EPQ2017SAND/PMemory.vhd Line: 60
    Info (12134): Parameter "address_aclr_a" = "NONE"
    Info (12134): Parameter "address_aclr_b" = "NONE"
    Info (12134): Parameter "address_reg_b" = "CLOCK1"
    Info (12134): Parameter "byte_size" = "8"
    Info (12134): Parameter "byteena_aclr_a" = "UNUSED"
    Info (12134): Parameter "byteena_aclr_b" = "NONE"
    Info (12134): Parameter "byteena_reg_b" = "CLOCK1"
    Info (12134): Parameter "clock_enable_core_a" = "USE_INPUT_CLKEN"
    Info (12134): Parameter "clock_enable_core_b" = "USE_INPUT_CLKEN"
    Info (12134): Parameter "clock_enable_input_a" = "BYPASS"
    Info (12134): Parameter "clock_enable_input_b" = "NORMAL"
    Info (12134): Parameter "clock_enable_output_a" = "BYPASS"
    Info (12134): Parameter "clock_enable_output_b" = "NORMAL"
    Info (12134): Parameter "intended_device_family" = "Cyclone IV E"
    Info (12134): Parameter "ecc_pipeline_stage_enabled" = "FALSE"
    Info (12134): Parameter "enable_ecc" = "FALSE"
    Info (12134): Parameter "implement_in_les" = "OFF"
    Info (12134): Parameter "indata_aclr_a" = "UNUSED"
    Info (12134): Parameter "indata_aclr_b" = "NONE"
    Info (12134): Parameter "indata_reg_b" = "CLOCK1"
    Info (12134): Parameter "init_file" = "SANDBOX.mif"
    Info (12134): Parameter "init_file_layout" = "PORT_A"
    Info (12134): Parameter "maximum_depth" = "0"
    Info (12134): Parameter "numwords_a" = "4096"
    Info (12134): Parameter "numwords_b" = "0"
    Info (12134): Parameter "operation_mode" = "ROM"
    Info (12134): Parameter "outdata_aclr_a" = "NONE"
    Info (12134): Parameter "outdata_aclr_b" = "NONE"
    Info (12134): Parameter "outdata_reg_a" = "UNREGISTERED"
    Info (12134): Parameter "outdata_reg_b" = "UNREGISTERED"
    Info (12134): Parameter "power_up_uninitialized" = "FALSE"
    Info (12134): Parameter "ram_block_type" = "AUTO"
    Info (12134): Parameter "rdcontrol_aclr_b" = "NONE"
    Info (12134): Parameter "rdcontrol_reg_b" = "CLOCK1"
    Info (12134): Parameter "read_during_write_mode_mixed_ports" = "DONT_CARE"
    Info (12134): Parameter "read_during_write_mode_port_a" = "NEW_DATA_NO_NBE_READ"
    Info (12134): Parameter "read_during_write_mode_port_b" = "NEW_DATA_NO_NBE_READ"
    Info (12134): Parameter "stratixiv_m144k_allow_dual_clocks" = "ON"
    Info (12134): Parameter "width_a" = "16"
    Info (12134): Parameter "width_b" = "1"
    Info (12134): Parameter "width_byteena_a" = "1"
    Info (12134): Parameter "width_byteena_b" = "1"
    Info (12134): Parameter "width_eccstatus" = "3"
    Info (12134): Parameter "widthad_a" = "12"
    Info (12134): Parameter "widthad_b" = "1"
    Info (12134): Parameter "wrcontrol_aclr_a" = "UNUSED"
    Info (12134): Parameter "wrcontrol_aclr_b" = "NONE"
    Info (12134): Parameter "wrcontrol_wraddress_reg_b" = "CLOCK1"
    Info (12134): Parameter "lpm_hint" = "ENABLE_RUNTIME_MOD=NO"
    Info (12134): Parameter "lpm_type" = "altsyncram"
Info (12021): Found 1 design units, including 1 entities, in source file db/altsyncram_75s3.tdf
    Info (12023): Found entity 1: altsyncram_75s3 File: C:/Users/lukej/Desktop/EPQ2017tests/EPQ2017SAND/db/altsyncram_75s3.tdf Line: 28
Info (12128): Elaborating entity "altsyncram_75s3" for hierarchy "PMemory:inst2|altsyncram:altsyncram_component|altsyncram_75s3:auto_generated" File: c:/intelfpga_lite/17.0/quartus/libraries/megafunctions/altsyncram.tdf Line: 792
Info (12128): Elaborating entity "PCV1S1" for hierarchy "PCV1S1:inst"
Info (12128): Elaborating entity "DFFQ" for hierarchy "PCV1S1:inst|DFFQ:PC_register_R" File: C:/Users/lukej/Desktop/EPQ2017tests/EPQ2017SAND/PCV1S1.vhd Line: 32
Info (12128): Elaborating entity "vec_concat" for hierarchy "vec_concat:inst9"
Info (12128): Elaborating entity "vector_or" for hierarchy "vector_or:inst13"
Info (12128): Elaborating entity "PAL" for hierarchy "PAL:inst10"
Info (12128): Elaborating entity "demux" for hierarchy "PAL:inst10|demux:clockmux" File: C:/Users/lukej/Desktop/EPQ2017tests/EPQ2017SAND/pal.vhd Line: 36
Info (12128): Elaborating entity "mux" for hierarchy "PAL:inst10|mux:outputmux" File: C:/Users/lukej/Desktop/EPQ2017tests/EPQ2017SAND/pal.vhd Line: 70
Error (12006): Node instance "plltoto_inst" instantiates undefined entity "plltoto_0002". Ensure that required library paths are specified correctly, define the specified entity, or change the instantiation. If this entity represents Intel FPGA or third-party IP, generate the synthesis files for the IP. File: C:/Users/lukej/Desktop/EPQ2017tests/EPQ2017SAND/plltoto.vhd Line: 32
Error: Quartus Prime Analysis & Synthesis was unsuccessful. 1 error, 27 warnings
    Error: Peak virtual memory: 725 megabytes
    Error: Processing ended: Mon Jan 29 15:56:36 2018
    Error: Elapsed time: 00:00:12
    Error: Total CPU time (on all processors): 00:00:23


