Analysis & Synthesis report for SANDBOX
Wed Jan 10 13:20:29 2018
Quartus Prime Version 17.0.0 Build 595 04/25/2017 SJ Lite Edition


---------------------
; Table of Contents ;
---------------------
  1. Legal Notice
  2. Analysis & Synthesis Summary
  3. Analysis & Synthesis Settings
  4. Parallel Compilation
  5. Analysis & Synthesis Messages



----------------
; Legal Notice ;
----------------
Copyright (C) 2017  Intel Corporation. All rights reserved.
Your use of Intel Corporation's design tools, logic functions 
and other software and tools, and its AMPP partner logic 
functions, and any output files from any of the foregoing 
(including device programming or simulation files), and any 
associated documentation or information are expressly subject 
to the terms and conditions of the Intel Program License 
Subscription Agreement, the Intel Quartus Prime License Agreement,
the Intel MegaCore Function License Agreement, or other 
applicable license agreement, including, without limitation, 
that your use is for the sole purpose of programming logic 
devices manufactured by Intel and sold by Intel or its 
authorized distributors.  Please refer to the applicable 
agreement for further details.



+----------------------------------------------------------------------------------+
; Analysis & Synthesis Summary                                                     ;
+------------------------------------+---------------------------------------------+
; Analysis & Synthesis Status        ; Failed - Wed Jan 10 13:20:29 2018           ;
; Quartus Prime Version              ; 17.0.0 Build 595 04/25/2017 SJ Lite Edition ;
; Revision Name                      ; SANDBOX                                     ;
; Top-level Entity Name              ; SANDBOX                                     ;
; Family                             ; Cyclone IV E                                ;
; Total logic elements               ; N/A until Partition Merge                   ;
;     Total combinational functions  ; N/A until Partition Merge                   ;
;     Dedicated logic registers      ; N/A until Partition Merge                   ;
; Total registers                    ; N/A until Partition Merge                   ;
; Total pins                         ; N/A until Partition Merge                   ;
; Total virtual pins                 ; N/A until Partition Merge                   ;
; Total memory bits                  ; N/A until Partition Merge                   ;
; Embedded Multiplier 9-bit elements ; N/A until Partition Merge                   ;
; Total PLLs                         ; N/A until Partition Merge                   ;
+------------------------------------+---------------------------------------------+


+----------------------------------------------------------------------------------------------------------------------+
; Analysis & Synthesis Settings                                                                                        ;
+----------------------------------------------------------------------------+--------------------+--------------------+
; Option                                                                     ; Setting            ; Default Value      ;
+----------------------------------------------------------------------------+--------------------+--------------------+
; Device                                                                     ; EP4CE22F17C6       ;                    ;
; Top-level entity name                                                      ; SANDBOX            ; SANDBOX            ;
; Family name                                                                ; Cyclone IV E       ; Cyclone V          ;
; VHDL Show LMF Mapping Messages                                             ; Off                ;                    ;
; VHDL Version                                                               ; VHDL_2008          ; VHDL_1993          ;
; Use smart compilation                                                      ; Off                ; Off                ;
; Enable parallel Assembler and TimeQuest Timing Analyzer during compilation ; On                 ; On                 ;
; Enable compact report table                                                ; Off                ; Off                ;
; Restructure Multiplexers                                                   ; Auto               ; Auto               ;
; Create Debugging Nodes for IP Cores                                        ; Off                ; Off                ;
; Preserve fewer node names                                                  ; On                 ; On                 ;
; OpenCore Plus hardware evaluation                                          ; Enable             ; Enable             ;
; Verilog Version                                                            ; Verilog_2001       ; Verilog_2001       ;
; State Machine Processing                                                   ; Auto               ; Auto               ;
; Safe State Machine                                                         ; Off                ; Off                ;
; Extract Verilog State Machines                                             ; On                 ; On                 ;
; Extract VHDL State Machines                                                ; On                 ; On                 ;
; Ignore Verilog initial constructs                                          ; Off                ; Off                ;
; Iteration limit for constant Verilog loops                                 ; 5000               ; 5000               ;
; Iteration limit for non-constant Verilog loops                             ; 250                ; 250                ;
; Add Pass-Through Logic to Inferred RAMs                                    ; On                 ; On                 ;
; Infer RAMs from Raw Logic                                                  ; On                 ; On                 ;
; Parallel Synthesis                                                         ; On                 ; On                 ;
; DSP Block Balancing                                                        ; Auto               ; Auto               ;
; NOT Gate Push-Back                                                         ; On                 ; On                 ;
; Power-Up Don't Care                                                        ; On                 ; On                 ;
; Remove Redundant Logic Cells                                               ; Off                ; Off                ;
; Remove Duplicate Registers                                                 ; On                 ; On                 ;
; Ignore CARRY Buffers                                                       ; Off                ; Off                ;
; Ignore CASCADE Buffers                                                     ; Off                ; Off                ;
; Ignore GLOBAL Buffers                                                      ; Off                ; Off                ;
; Ignore ROW GLOBAL Buffers                                                  ; Off                ; Off                ;
; Ignore LCELL Buffers                                                       ; Off                ; Off                ;
; Ignore SOFT Buffers                                                        ; On                 ; On                 ;
; Limit AHDL Integers to 32 Bits                                             ; Off                ; Off                ;
; Optimization Technique                                                     ; Balanced           ; Balanced           ;
; Carry Chain Length                                                         ; 70                 ; 70                 ;
; Auto Carry Chains                                                          ; On                 ; On                 ;
; Auto Open-Drain Pins                                                       ; On                 ; On                 ;
; Perform WYSIWYG Primitive Resynthesis                                      ; Off                ; Off                ;
; Auto ROM Replacement                                                       ; On                 ; On                 ;
; Auto RAM Replacement                                                       ; On                 ; On                 ;
; Auto DSP Block Replacement                                                 ; On                 ; On                 ;
; Auto Shift Register Replacement                                            ; Auto               ; Auto               ;
; Allow Shift Register Merging across Hierarchies                            ; Auto               ; Auto               ;
; Auto Clock Enable Replacement                                              ; On                 ; On                 ;
; Strict RAM Replacement                                                     ; Off                ; Off                ;
; Allow Synchronous Control Signals                                          ; On                 ; On                 ;
; Force Use of Synchronous Clear Signals                                     ; Off                ; Off                ;
; Auto RAM Block Balancing                                                   ; On                 ; On                 ;
; Auto RAM to Logic Cell Conversion                                          ; Off                ; Off                ;
; Auto Resource Sharing                                                      ; Off                ; Off                ;
; Allow Any RAM Size For Recognition                                         ; Off                ; Off                ;
; Allow Any ROM Size For Recognition                                         ; Off                ; Off                ;
; Allow Any Shift Register Size For Recognition                              ; Off                ; Off                ;
; Use LogicLock Constraints during Resource Balancing                        ; On                 ; On                 ;
; Ignore translate_off and synthesis_off directives                          ; Off                ; Off                ;
; Timing-Driven Synthesis                                                    ; On                 ; On                 ;
; Report Parameter Settings                                                  ; On                 ; On                 ;
; Report Source Assignments                                                  ; On                 ; On                 ;
; Report Connectivity Checks                                                 ; On                 ; On                 ;
; Ignore Maximum Fan-Out Assignments                                         ; Off                ; Off                ;
; Synchronization Register Chain Length                                      ; 2                  ; 2                  ;
; PowerPlay Power Optimization During Synthesis                              ; Normal compilation ; Normal compilation ;
; HDL message level                                                          ; Level2             ; Level2             ;
; Suppress Register Optimization Related Messages                            ; Off                ; Off                ;
; Number of Removed Registers Reported in Synthesis Report                   ; 5000               ; 5000               ;
; Number of Swept Nodes Reported in Synthesis Report                         ; 5000               ; 5000               ;
; Number of Inverted Registers Reported in Synthesis Report                  ; 100                ; 100                ;
; Clock MUX Protection                                                       ; On                 ; On                 ;
; Auto Gated Clock Conversion                                                ; Off                ; Off                ;
; Block Design Naming                                                        ; Auto               ; Auto               ;
; SDC constraint protection                                                  ; Off                ; Off                ;
; Synthesis Effort                                                           ; Auto               ; Auto               ;
; Shift Register Replacement - Allow Asynchronous Clear Signal               ; On                 ; On                 ;
; Pre-Mapping Resynthesis Optimization                                       ; Off                ; Off                ;
; Analysis & Synthesis Message Level                                         ; Medium             ; Medium             ;
; Disable Register Merging Across Hierarchies                                ; Auto               ; Auto               ;
; Resource Aware Inference For Block RAM                                     ; On                 ; On                 ;
+----------------------------------------------------------------------------+--------------------+--------------------+


+------------------------------------------+
; Parallel Compilation                     ;
+----------------------------+-------------+
; Processors                 ; Number      ;
+----------------------------+-------------+
; Number detected on machine ; 8           ;
; Maximum allowed            ; 4           ;
;                            ;             ;
; Average used               ; 1.00        ;
; Maximum used               ; 1           ;
;                            ;             ;
; Usage by Processor         ; % Time Used ;
;     Processor 1            ; 100.0%      ;
+----------------------------+-------------+


+-------------------------------+
; Analysis & Synthesis Messages ;
+-------------------------------+
Info: *******************************************************************
Info: Running Quartus Prime Analysis & Synthesis
    Info: Version 17.0.0 Build 595 04/25/2017 SJ Lite Edition
    Info: Processing started: Wed Jan 10 13:20:17 2018
Info: Command: quartus_map --read_settings_files=on --write_settings_files=off SANDBOX -c SANDBOX
Warning (18236): Number of processors has not been specified which may cause overloading on shared machines.  Set the global assignment NUM_PARALLEL_PROCESSORS in your QSF to an appropriate value for best performance.
Info (20030): Parallel compilation is enabled and will use 4 of the 4 processors detected
Info (12021): Found 1 design units, including 1 entities, in source file sandbox.bdf
    Info (12023): Found entity 1: SANDBOX
Info (12021): Found 6 design units, including 3 entities, in source file reg.vhd
    Info (12022): Found design unit 1: DFF_Rising-behavioral File: C:/Users/lukej/Desktop/EPQ2017tests/EPQ2017SAND/REG.vhd Line: 14
    Info (12022): Found design unit 2: DFF_Falling-behavioral File: C:/Users/lukej/Desktop/EPQ2017tests/EPQ2017SAND/REG.vhd Line: 37
    Info (12022): Found design unit 3: DFFQ-behavioral File: C:/Users/lukej/Desktop/EPQ2017tests/EPQ2017SAND/REG.vhd Line: 64
    Info (12023): Found entity 1: DFF_Rising File: C:/Users/lukej/Desktop/EPQ2017tests/EPQ2017SAND/REG.vhd Line: 6
    Info (12023): Found entity 2: DFF_Falling File: C:/Users/lukej/Desktop/EPQ2017tests/EPQ2017SAND/REG.vhd Line: 29
    Info (12023): Found entity 3: DFFQ File: C:/Users/lukej/Desktop/EPQ2017tests/EPQ2017SAND/REG.vhd Line: 53
Info (12021): Found 2 design units, including 1 entities, in source file pcv1s1.vhd
    Info (12022): Found design unit 1: PCV1S1-impl File: C:/Users/lukej/Desktop/EPQ2017tests/EPQ2017SAND/PCV1S1.vhd Line: 26
    Info (12023): Found entity 1: PCV1S1 File: C:/Users/lukej/Desktop/EPQ2017tests/EPQ2017SAND/PCV1S1.vhd Line: 12
Info (12021): Found 2 design units, including 1 entities, in source file aluv1s1_unsigned.vhd
    Info (12022): Found design unit 1: ALUV1S1_unsigned-behavioral File: C:/Users/lukej/Desktop/EPQ2017tests/EPQ2017SAND/ALUV1S1_unsigned.vhd Line: 33
    Info (12023): Found entity 1: ALUV1S1_unsigned File: C:/Users/lukej/Desktop/EPQ2017tests/EPQ2017SAND/ALUV1S1_unsigned.vhd Line: 13
Info (12021): Found 2 design units, including 1 entities, in source file pmemory.vhd
    Info (12022): Found design unit 1: pmemory-SYN File: C:/Users/lukej/Desktop/EPQ2017tests/EPQ2017SAND/PMemory.vhd Line: 54
    Info (12023): Found entity 1: PMemory File: C:/Users/lukej/Desktop/EPQ2017tests/EPQ2017SAND/PMemory.vhd Line: 43
Info (12021): Found 8 design units, including 4 entities, in source file vector_primitives.vhd
    Info (12022): Found design unit 1: array_or-behavioral File: C:/Users/lukej/Desktop/EPQ2017tests/EPQ2017SAND/vector_primitives.vhd Line: 25
    Info (12022): Found design unit 2: vector_or-behavioral File: C:/Users/lukej/Desktop/EPQ2017tests/EPQ2017SAND/vector_primitives.vhd Line: 58
    Info (12022): Found design unit 3: array_and-behavioral File: C:/Users/lukej/Desktop/EPQ2017tests/EPQ2017SAND/vector_primitives.vhd Line: 92
    Info (12022): Found design unit 4: vector_and-behavioral File: C:/Users/lukej/Desktop/EPQ2017tests/EPQ2017SAND/vector_primitives.vhd Line: 125
    Info (12023): Found entity 1: array_or File: C:/Users/lukej/Desktop/EPQ2017tests/EPQ2017SAND/vector_primitives.vhd Line: 10
    Info (12023): Found entity 2: vector_or File: C:/Users/lukej/Desktop/EPQ2017tests/EPQ2017SAND/vector_primitives.vhd Line: 45
    Info (12023): Found entity 3: array_and File: C:/Users/lukej/Desktop/EPQ2017tests/EPQ2017SAND/vector_primitives.vhd Line: 77
    Info (12023): Found entity 4: vector_and File: C:/Users/lukej/Desktop/EPQ2017tests/EPQ2017SAND/vector_primitives.vhd Line: 112
Info (12021): Found 2 design units, including 1 entities, in source file register_array.vhd
    Info (12022): Found design unit 1: register_file-impl File: C:/Users/lukej/Desktop/EPQ2017tests/EPQ2017SAND/register_array.vhd Line: 27
    Info (12023): Found entity 1: register_file File: C:/Users/lukej/Desktop/EPQ2017tests/EPQ2017SAND/register_array.vhd Line: 9
Warning (12090): Entity "mux" obtained from "vector_muxes.vhd" instead of from Quartus Prime megafunction library File: C:/Users/lukej/Desktop/EPQ2017tests/EPQ2017SAND/vector_muxes.vhd Line: 45
Info (12021): Found 4 design units, including 2 entities, in source file vector_muxes.vhd
    Info (12022): Found design unit 1: demux-rtl File: C:/Users/lukej/Desktop/EPQ2017tests/EPQ2017SAND/vector_muxes.vhd Line: 22
    Info (12022): Found design unit 2: mux-rtl File: C:/Users/lukej/Desktop/EPQ2017tests/EPQ2017SAND/vector_muxes.vhd Line: 58
    Info (12023): Found entity 1: demux File: C:/Users/lukej/Desktop/EPQ2017tests/EPQ2017SAND/vector_muxes.vhd Line: 9
    Info (12023): Found entity 2: mux File: C:/Users/lukej/Desktop/EPQ2017tests/EPQ2017SAND/vector_muxes.vhd Line: 45
Info (12021): Found 1 design units, including 1 entities, in source file r_block.bdf
    Info (12023): Found entity 1: r_block
Info (12021): Found 2 design units, including 1 entities, in source file reg_port_control.vhd
    Info (12022): Found design unit 1: R_P_control-behavioral File: C:/Users/lukej/Desktop/EPQ2017tests/EPQ2017SAND/reg_port_control.vhd Line: 25
    Info (12023): Found entity 1: R_P_control File: C:/Users/lukej/Desktop/EPQ2017tests/EPQ2017SAND/reg_port_control.vhd Line: 12
Info (12021): Found 2 design units, including 0 entities, in source file global.vhd
    Info (12022): Found design unit 1: global File: C:/Users/lukej/Desktop/EPQ2017tests/EPQ2017SAND/global.vhd Line: 11
    Info (12022): Found design unit 2: global-body File: C:/Users/lukej/Desktop/EPQ2017tests/EPQ2017SAND/global.vhd Line: 24
Info (12021): Found 2 design units, including 1 entities, in source file instructiondecoder.vhd
    Info (12022): Found design unit 1: ID-behavioral File: C:/Users/lukej/Desktop/EPQ2017tests/EPQ2017SAND/InstructionDecoder.vhd Line: 21
    Info (12023): Found entity 1: ID File: C:/Users/lukej/Desktop/EPQ2017tests/EPQ2017SAND/InstructionDecoder.vhd Line: 7
Info (12127): Elaborating entity "SANDBOX" for the top level hierarchy
Warning (275083): Bus "OUT2[7..0]" found using same base name as "OUT", which might lead to a name conflict.
Warning (275080): Converted elements in bus name "OUT" using legacy naming rules. Make any assignments on the new names, not on the original names.
    Warning (275081): Converted element name(s) from "OUT[7..0]" to "OUT7..0"
Warning (275080): Converted elements in bus name "OUT2" using legacy naming rules. Make any assignments on the new names, not on the original names.
    Warning (275081): Converted element name(s) from "OUT2[7..0]" to "OUT27..0"
Warning (275002): No superset bus at connection
Info (12128): Elaborating entity "PCV1S1" for hierarchy "PCV1S1:inst"
Error (10344): VHDL expression error at PCV1S1.vhd(32): expression has 9 elements, but must have 8 elements File: C:/Users/lukej/Desktop/EPQ2017tests/EPQ2017SAND/PCV1S1.vhd Line: 32
Error (10344): VHDL expression error at PCV1S1.vhd(32): expression has 8 elements, but must have 9 elements File: C:/Users/lukej/Desktop/EPQ2017tests/EPQ2017SAND/PCV1S1.vhd Line: 32
Error (12152): Can't elaborate user hierarchy "PCV1S1:inst"
Error: Quartus Prime Analysis & Synthesis was unsuccessful. 3 errors, 8 warnings
    Error: Peak virtual memory: 703 megabytes
    Error: Processing ended: Wed Jan 10 13:20:29 2018
    Error: Elapsed time: 00:00:12
    Error: Total CPU time (on all processors): 00:00:24


